Arguments: 
  /usr/local/Cellar/node/10.12.0/bin/node /usr/local/Cellar/yarn/1.10.1/libexec/bin/yarn.js login

PATH: 
  /usr/local/opt/icu4c/sbin:/usr/local/opt/icu4c/bin:/usr/local/sbin:/usr/local/sbin:/usr/local/opt/node@8/bin:/usr/local/bin:/usr/bin:/bin:/usr/sbin:/sbin:/opt/X11/bin:/Applications/Wireshark.app/Contents/MacOS

Yarn version: 
  1.10.1

Node version: 
  10.12.0

Platform: 
  darwin x64

Trace: 
  Error: canceled
      at Interface.<anonymous> (/usr/local/Cellar/yarn/1.10.1/libexec/lib/cli.js:116426:13)
      at Interface.emit (events.js:182:13)
      at Interface._ttyWrite (readline.js:783:16)
      at ReadStream.onkeypress (readline.js:168:10)
      at ReadStream.emit (events.js:182:13)
      at emitKeys (internal/readline.js:424:14)
      at emitKeys.next (<anonymous>)
      at ReadStream.onData (readline.js:1022:36)
      at ReadStream.emit (events.js:182:13)
      at addChunk (_stream_readable.js:283:12)

npm manifest: 
  No manifest

yarn manifest: 
  No manifest

Lockfile: 
  No lockfile
